<?xml version="1.0" encoding="UTF-8"?>
<testsuite xmlns:xsi="http://www.w3.org/2001/XMLSchema-instance" xsi:noNamespaceSchemaLocation="https://maven.apache.org/surefire/maven-surefire-plugin/xsd/surefire-test-report-3.0.xsd" version="3.0" name="com.financial.BudgetRevenueTest" time="0.147" tests="17" errors="0" skipped="0" failures="0">
  <properties>
[...]
</properties>
  <testcase name="mergeAndHierarchicalLogicTest" classname="com.financial.BudgetRevenueTest" time="0.067"/>
  <testcase name="getMainBudgetRevenuesTest" classname="com.financial.BudgetRevenueTest" time="0.002"/>
  <testcase name="toStringFormattingTest" classname="com.financial.BudgetRevenueTest" time="0.016"/>
  <testcase name="getAllSubCategoriesTest" classname="com.financial.BudgetRevenueTest" time="0.002"/>
  <testcase name="setRegularAmountNegativeTest" classname="com.financial.BudgetRevenueTest" time="0.001"/>
  <testcase name="calculateSumTest" classname="com.financial.BudgetRevenueTest" time="0.001"/>
  <testcase name="findBudgetRevenueWithCodeTest" classname="com.financial.BudgetRevenueTest" time="0.003"/>
  <testcase name="getAllBudgetRevenuesTest" classname="com.financial.BudgetRevenueTest" time="0.001"/>
  <testcase name="getBudgetRevenuesStartingWithCodeTest" classname="com.financial.BudgetRevenueTest" time="0.001"/>
  <testcase name="getAllSuperCategoriesTest" classname="com.financial.BudgetRevenueTest" time="0.001"/>
  <testcase name="gettersTest" classname="com.financial.BudgetRevenueTest" time="0.002"/>
  <testcase name="getLevelOfHierarchyTest" classname="com.financial.BudgetRevenueTest" time="0"/>
  <testcase name="setPublicInvestmentAmountTryCoverageTest13" classname="com.financial.BudgetRevenueTest" time="0.001"/>
  <testcase name="getNextLevelSubCategoriesTest" classname="com.financial.BudgetRevenueTest" time="0.001"/>
  <testcase name="setPublicInvestmentAmountTest" classname="com.financial.BudgetRevenueTest" time="0.001"/>
  <testcase name="setRegularAmountTest" classname="com.financial.BudgetRevenueTest" time="0.001"/>
  <testcase name="getAboveLevelSuperCategoryTest" classname="com.financial.BudgetRevenueTest" time="0.001"/>
</testsuite>